<?xml version="1.0" encoding="UTF-8"?>
<!-- Generated by org.testng.reporters.JUnitReportReporter -->
<testsuite skipped="0" hostname="Sujon" name="test.NewDepositTest" tests="1" failures="0" timestamp="2020-07-11T17:14:15 CDT" time="22.010" errors="0">
  <testcase name="userShouldBeAbleToAddNewDeposit" time="22.010" classname="test.NewDepositTest"/>
  <system-out/>
</testsuite> <!-- test.NewDepositTest -->
