<?xml version="1.0" encoding="UTF-8"?>
<!-- Generated by org.testng.reporters.JUnitReportReporter -->
<testsuite skipped="0" hostname="Sujon" name="test.LoginTest" tests="1" failures="0" timestamp="2020-07-11T17:14:15 CDT" time="8.799" errors="0">
  <testcase name="userShouldBeAbleToLogin" time="8.799" classname="test.LoginTest"/>
  <system-out/>
</testsuite> <!-- test.LoginTest -->
