<?xml version="1.0" encoding="UTF-8"?>
<!-- Generated by org.testng.reporters.JUnitReportReporter -->
<testsuite skipped="0" hostname="Sujon" name="test.DropDownTest" tests="1" failures="0" timestamp="2020-07-11T17:14:15 CDT" time="12.583" errors="0">
  <testcase name="userShouldBeAbleToValidateDropDownList" time="12.583" classname="test.DropDownTest"/>
  <system-out/>
</testsuite> <!-- test.DropDownTest -->
